

Processing ApplicationController#index (for 127.0.0.1 at 2009-07-25 20:08:34) [GET]

ActionController::RoutingError (No route matches "/" with {:method=>:get}):
  

Rendering rescues/layout (not_found)


Processing LendingsController#index (for 127.0.0.1 at 2009-07-27 09:44:32) [GET]

ActionController::UnknownAction (No action responded to index. Actions: new):
  haml (2.0.9) [v] rails/./lib/sass/plugin/rails.rb:19:in `process'

Rendering rescues/layout (not_found)


Processing LendingsController#new (for 127.0.0.1 at 2009-07-27 09:44:40) [GET]
Rendering template within layouts/application
Rendering lendings/new
Completed in 726ms (View: 246 | 200 OK [http://localhost/lendings/new]


Processing ApplicationController#index (for 127.0.0.1 at 2009-07-27 09:44:41) [GET]

ActionController::RoutingError (No route matches "/javascripts/app.js" with {:method=>:get}):
  

Rendering rescues/layout (not_found)


Processing ApplicationController#index (for 127.0.0.1 at 2009-07-27 09:44:41) [GET]

ActionController::RoutingError (No route matches "/javascripts/jquery_ajax_extensions.js" with {:method=>:get}):
  

Rendering rescues/layout (not_found)


Processing LendingsController#new (for 127.0.0.1 at 2009-07-27 09:45:27) [GET]
Rendering template within layouts/application
Rendering lendings/new
Completed in 215ms (View: 10 | 200 OK [http://localhost/lendings/new]


Processing ApplicationController#index (for 127.0.0.1 at 2009-07-27 09:45:27) [GET]

ActionController::RoutingError (No route matches "/javascripts/app.js" with {:method=>:get}):
  

Rendering rescues/layout (not_found)


Processing ApplicationController#index (for 127.0.0.1 at 2009-07-27 09:45:28) [GET]

ActionController::RoutingError (No route matches "/javascripts/jquery_ajax_extensions.js" with {:method=>:get}):
  

Rendering rescues/layout (not_found)


Processing LendingsController#new (for 127.0.0.1 at 2009-07-27 09:50:04) [GET]
Rendering template within layouts/application
Rendering lendings/new
Completed in 337ms (View: 14 | 200 OK [http://localhost/lendings/new]


Processing ApplicationController#index (for 127.0.0.1 at 2009-07-27 09:50:05) [GET]

ActionController::RoutingError (No route matches "/javascripts/app.js" with {:method=>:get}):
  

Rendering rescues/layout (not_found)


Processing ApplicationController#index (for 127.0.0.1 at 2009-07-27 09:50:05) [GET]

ActionController::RoutingError (No route matches "/javascripts/jquery_ajax_extensions.js" with {:method=>:get}):
  

Rendering rescues/layout (not_found)


Processing LendingsController#new (for 127.0.0.1 at 2009-07-27 09:52:08) [GET]
Rendering template within layouts/application
Rendering lendings/new
Completed in 361ms (View: 12 | 200 OK [http://localhost/lendings/new]


Processing ApplicationController#index (for 127.0.0.1 at 2009-07-27 09:52:09) [GET]

ActionController::RoutingError (No route matches "/javascripts/app.js" with {:method=>:get}):
  

Rendering rescues/layout (not_found)


Processing ApplicationController#index (for 127.0.0.1 at 2009-07-27 09:52:09) [GET]

ActionController::RoutingError (No route matches "/javascripts/jquery_ajax_extensions.js" with {:method=>:get}):
  

Rendering rescues/layout (not_found)


Processing LendingsController#new (for 127.0.0.1 at 2009-07-27 09:54:32) [GET]
Rendering template within layouts/application
Rendering lendings/new

ActionView::TemplateError (500:HTTP/1.1 500 Internal Server Error
Server: CouchDB/0.8.1-incubating (Erlang OTP/R12B)
Date: Mon, 27 Jul 2009 07:54:33 GMT
Content-Type: text/plain;charset=utf-8
Content-Length: 672
Cache-Control: must-revalidate


METHOD:get
URI:/something_blue_test/_design/something_blue/_view/User_all?reduce=false
{"error":"EXIT","reason":"{function_clause,\n    [{couch_httpd,handle_db_request,\n         [{mochiweb_request,#Port<0.1363>,'GET',\n              \"\/something_blue_test\/_design\/something_blue\/_view\/User_all?reduce=false\",\n              {1,1},\n              {2,\n               {\"host\",\n                {'Host',\"localhost:5984\"},\n                {\"accept\",{'Accept',\"*\/*\"},nil,nil},\n                nil}}},\n          'GET',\n          {\"something_blue_test\",<0.56.0>,\n           [\"_design\",\"something_blue\",\"_view\",\"User_all\"]}]},\n     {couch_httpd,handle_request,2},\n     {mochiweb_http,headers,4},\n     {proc_lib,init_p_do_apply,3}]}"}) on line #14 of app/views/lendings/new.html.haml:
11:     = select_tag "lending[time]", options_for_select([["1 day", "1"], ["3 days", "3"], ["1 week", "7"], ["2 weeks", "14"]])
12:   %p
13:     = form.label :to, "To"
14:     = select_tag "lending[to]", options_from_collection_for_select(@friends, "id", "login")
15:   

    vendor/gems/paulcarey-relaxdb-0.3.3/lib/relaxdb/taf2_curb_server.rb:51:in `request'
    vendor/gems/paulcarey-relaxdb-0.3.3/lib/relaxdb/taf2_curb_server.rb:20:in `get'
    vendor/gems/paulcarey-relaxdb-0.3.3/lib/relaxdb/server.rb:56:in `get'
    vendor/gems/paulcarey-relaxdb-0.3.3/lib/relaxdb/relaxdb.rb:151:in `view'
    app/views/lendings/new.html.haml:14:in `_run_haml_app47views47lendings47new46html46haml'
    haml (2.0.9) [v] lib/haml/helpers/action_view_mods.rb:165:in `call'
    haml (2.0.9) [v] lib/haml/helpers/action_view_mods.rb:165:in `form_for'
    haml (2.0.9) [v] lib/haml/helpers.rb:447:in `call'
    haml (2.0.9) [v] lib/haml/helpers.rb:447:in `haml_bind_proc'
    haml (2.0.9) [v] lib/haml/helpers/action_view_mods.rb:171:in `form_for'
    app/views/lendings/new.html.haml:2:in `_run_haml_app47views47lendings47new46html46haml'
    vendor/gems/rspec-rails-1.2.6/lib/spec/rails/extensions/action_view/base.rb:27:in `render_without_haml'
    haml (2.0.9) [v] lib/haml/helpers/action_view_mods.rb:14:in `render'
    vendor/gems/rspec-rails-1.2.6/lib/spec/rails/extensions/action_view/base.rb:27:in `render_without_haml'
    haml (2.0.9) [v] lib/haml/helpers/action_view_mods.rb:14:in `render'
    haml (2.0.9) [v] rails/./lib/sass/plugin/rails.rb:19:in `process'

Rendered rescues/_trace (80.4ms)
Rendered rescues/_request_and_response (2.3ms)
Rendering rescues/layout (internal_server_error)


Processing LendingsController#new (for 127.0.0.1 at 2009-07-27 09:55:18) [GET]
Rendering template within layouts/application
Rendering lendings/new

ActionView::TemplateError (500:HTTP/1.1 500 Internal Server Error
Server: CouchDB/0.8.1-incubating (Erlang OTP/R12B)
Date: Mon, 27 Jul 2009 07:55:19 GMT
Content-Type: text/plain;charset=utf-8
Content-Length: 672
Cache-Control: must-revalidate


METHOD:get
URI:/something_blue_test/_design/something_blue/_view/User_all?reduce=false
{"error":"EXIT","reason":"{function_clause,\n    [{couch_httpd,handle_db_request,\n         [{mochiweb_request,#Port<0.1368>,'GET',\n              \"\/something_blue_test\/_design\/something_blue\/_view\/User_all?reduce=false\",\n              {1,1},\n              {2,\n               {\"host\",\n                {'Host',\"localhost:5984\"},\n                {\"accept\",{'Accept',\"*\/*\"},nil,nil},\n                nil}}},\n          'GET',\n          {\"something_blue_test\",<0.56.0>,\n           [\"_design\",\"something_blue\",\"_view\",\"User_all\"]}]},\n     {couch_httpd,handle_request,2},\n     {mochiweb_http,headers,4},\n     {proc_lib,init_p_do_apply,3}]}"}) on line #14 of app/views/lendings/new.html.haml:
11:     = select_tag "lending[time]", options_for_select([["1 day", "1"], ["3 days", "3"], ["1 week", "7"], ["2 weeks", "14"]])
12:   %p
13:     = form.label :to, "To"
14:     = select_tag "lending[to]", options_from_collection_for_select(@friends, "login", "login")
15:   

    vendor/gems/paulcarey-relaxdb-0.3.3/lib/relaxdb/taf2_curb_server.rb:51:in `request'
    vendor/gems/paulcarey-relaxdb-0.3.3/lib/relaxdb/taf2_curb_server.rb:20:in `get'
    vendor/gems/paulcarey-relaxdb-0.3.3/lib/relaxdb/server.rb:56:in `get'
    vendor/gems/paulcarey-relaxdb-0.3.3/lib/relaxdb/relaxdb.rb:151:in `view'
    app/views/lendings/new.html.haml:14:in `_run_haml_app47views47lendings47new46html46haml'
    haml (2.0.9) [v] lib/haml/helpers/action_view_mods.rb:165:in `call'
    haml (2.0.9) [v] lib/haml/helpers/action_view_mods.rb:165:in `form_for'
    haml (2.0.9) [v] lib/haml/helpers.rb:447:in `call'
    haml (2.0.9) [v] lib/haml/helpers.rb:447:in `haml_bind_proc'
    haml (2.0.9) [v] lib/haml/helpers/action_view_mods.rb:171:in `form_for'
    app/views/lendings/new.html.haml:2:in `_run_haml_app47views47lendings47new46html46haml'
    vendor/gems/rspec-rails-1.2.6/lib/spec/rails/extensions/action_view/base.rb:27:in `render_without_haml'
    haml (2.0.9) [v] lib/haml/helpers/action_view_mods.rb:14:in `render'
    vendor/gems/rspec-rails-1.2.6/lib/spec/rails/extensions/action_view/base.rb:27:in `render_without_haml'
    haml (2.0.9) [v] lib/haml/helpers/action_view_mods.rb:14:in `render'
    haml (2.0.9) [v] rails/./lib/sass/plugin/rails.rb:19:in `process'

Rendered rescues/_trace (74.4ms)
Rendered rescues/_request_and_response (0.3ms)
Rendering rescues/layout (internal_server_error)


Processing LendingsController#new (for 127.0.0.1 at 2009-07-27 10:16:08) [GET]

RuntimeError (500:HTTP/1.1 500 Internal Server Error
Server: CouchDB/0.8.1-incubating (Erlang OTP/R12B)
Date: Mon, 27 Jul 2009 08:16:08 GMT
Content-Type: text/plain;charset=utf-8
Content-Length: 682
Cache-Control: must-revalidate


METHOD:get
URI:/something_blue_test/_design/something_blue/_view/User_by_login?reduce=false
{"error":"EXIT","reason":"{function_clause,\n    [{couch_httpd,handle_db_request,\n         [{mochiweb_request,#Port<0.1394>,'GET',\n              \"\/something_blue_test\/_design\/something_blue\/_view\/User_by_login?reduce=false\",\n              {1,1},\n              {2,\n               {\"host\",\n                {'Host',\"localhost:5984\"},\n                {\"accept\",{'Accept',\"*\/*\"},nil,nil},\n                nil}}},\n          'GET',\n          {\"something_blue_test\",<0.56.0>,\n           [\"_design\",\"something_blue\",\"_view\",\"User_by_login\"]}]},\n     {couch_httpd,handle_request,2},\n     {mochiweb_http,headers,4},\n     {proc_lib,init_p_do_apply,3}]}"}):
  vendor/gems/paulcarey-relaxdb-0.3.3/lib/relaxdb/taf2_curb_server.rb:51:in `request'
  vendor/gems/paulcarey-relaxdb-0.3.3/lib/relaxdb/taf2_curb_server.rb:20:in `get'
  vendor/gems/paulcarey-relaxdb-0.3.3/lib/relaxdb/server.rb:56:in `get'
  vendor/gems/paulcarey-relaxdb-0.3.3/lib/relaxdb/relaxdb.rb:151:in `view'
  vendor/gems/paulcarey-relaxdb-0.3.3/lib/relaxdb/document.rb:540:in `by_login'
  app/controllers/lendings_controller.rb:4:in `new'
  haml (2.0.9) [v] rails/./lib/sass/plugin/rails.rb:19:in `process'

Rendered rescues/_trace (53.0ms)
Rendered rescues/_request_and_response (0.3ms)
Rendering rescues/layout (internal_server_error)


Processing LendingsController#index (for 127.0.0.1 at 2009-07-28 22:27:46) [GET]

ActionController::UnknownAction (No action responded to index. Actions: new):
  haml (2.0.9) [v] rails/./lib/sass/plugin/rails.rb:19:in `process'

Rendering rescues/layout (not_found)


Processing LendingsController#new (for 127.0.0.1 at 2009-07-28 22:27:51) [GET]
Rendering template within layouts/application
Rendering lendings/new
Completed in 617ms (View: 357 | 200 OK [http://localhost/lendings/new]


Processing ApplicationController#index (for 127.0.0.1 at 2009-07-28 22:27:52) [GET]

ActionController::RoutingError (No route matches "/javascripts/app.js" with {:method=>:get}):
  

Rendering rescues/layout (not_found)


Processing ApplicationController#index (for 127.0.0.1 at 2009-07-28 22:27:52) [GET]

ActionController::RoutingError (No route matches "/javascripts/jquery_ajax_extensions.js" with {:method=>:get}):
  

Rendering rescues/layout (not_found)


Processing LendingsController#new (for 127.0.0.1 at 2009-07-29 08:21:18) [GET]
Rendering template within layouts/application
Rendering lendings/new

ActionView::TemplateError (undefined method `submit' for #<ActionView::Base:0x22d9130>) on line #16 of app/views/lendings/new.html.haml:
13:     = form.label :to, "To"
14:     = select_tag "lending[to]", options_from_collection_for_select(@friends, "login", "login")
15:   %p
16:     = submit "Save"
17:   

    app/views/lendings/new.html.haml:16:in `_run_haml_app47views47lendings47new46html46haml'
    haml (2.0.9) [v] lib/haml/helpers/action_view_mods.rb:165:in `call'
    haml (2.0.9) [v] lib/haml/helpers/action_view_mods.rb:165:in `form_for'
    haml (2.0.9) [v] lib/haml/helpers.rb:447:in `call'
    haml (2.0.9) [v] lib/haml/helpers.rb:447:in `haml_bind_proc'
    haml (2.0.9) [v] lib/haml/helpers/action_view_mods.rb:171:in `form_for'
    app/views/lendings/new.html.haml:2:in `_run_haml_app47views47lendings47new46html46haml'
    vendor/gems/rspec-rails-1.2.6/lib/spec/rails/extensions/action_view/base.rb:27:in `render_without_haml'
    haml (2.0.9) [v] lib/haml/helpers/action_view_mods.rb:14:in `render'
    vendor/gems/rspec-rails-1.2.6/lib/spec/rails/extensions/action_view/base.rb:27:in `render_without_haml'
    haml (2.0.9) [v] lib/haml/helpers/action_view_mods.rb:14:in `render'
    haml (2.0.9) [v] rails/./lib/sass/plugin/rails.rb:19:in `process'

Rendered rescues/_trace (74.7ms)
Rendered rescues/_request_and_response (2.3ms)
Rendering rescues/layout (internal_server_error)


Processing LendingsController#new (for 127.0.0.1 at 2009-07-29 08:27:51) [GET]
Rendering template within layouts/application
Rendering lendings/new
Completed in 62ms (View: 14 | 200 OK [http://localhost/lendings/new]


Processing ApplicationController#index (for 127.0.0.1 at 2009-07-29 08:27:51) [GET]

ActionController::RoutingError (No route matches "/javascripts/app.js" with {:method=>:get}):
  

Rendering rescues/layout (not_found)


Processing ApplicationController#index (for 127.0.0.1 at 2009-07-29 08:27:51) [GET]

ActionController::RoutingError (No route matches "/javascripts/jquery_ajax_extensions.js" with {:method=>:get}):
  

Rendering rescues/layout (not_found)


Processing LendingsController#create (for 127.0.0.1 at 2009-07-29 08:28:12) [POST]
  Parameters: {"lending"=>{"category"=>"cd", "time"=>"1", "title"=>"My favorite worst nightmare", "to"=>"leonhard"}, "commit"=>"Save", "authenticity_token"=>"Da8bvprcopU2c7iww4L705C21+8p3b9jgZP5usnWxHs="}
Redirected to http://localhost:3000/lendings
Completed in 3ms | 302 Found [http://localhost/lendings]


Processing LendingsController#index (for 127.0.0.1 at 2009-07-29 08:28:12) [GET]
Rendering template within layouts/application
Rendering lendings/index

ActionView::TemplateError (Missing template relax_db/all_delegators/_all_delegator.erb in view path app/views) on line #3 of app/views/lendings/index.html.haml:
1: %h1 Lendings
2: 
3: = render :partial => @lendings
4: 
5: = link_to "New lending", new_lending_path

    vendor/gems/rspec-rails-1.2.6/lib/spec/rails/extensions/action_view/base.rb:17:in `render_partial'
    vendor/gems/rspec-rails-1.2.6/lib/spec/rails/extensions/action_view/base.rb:17:in `render_partial'
    vendor/gems/rspec-rails-1.2.6/lib/spec/rails/extensions/action_view/base.rb:27:in `render_without_haml'
    haml (2.0.9) [v] lib/haml/helpers/action_view_mods.rb:12:in `render'
    haml (2.0.9) [v] lib/haml/helpers.rb:57:in `non_haml'
    haml (2.0.9) [v] lib/haml/helpers/action_view_mods.rb:12:in `render'
    app/views/lendings/index.html.haml:3:in `_run_haml_app47views47lendings47index46html46haml'
    vendor/gems/rspec-rails-1.2.6/lib/spec/rails/extensions/action_view/base.rb:27:in `render_without_haml'
    haml (2.0.9) [v] lib/haml/helpers/action_view_mods.rb:14:in `render'
    vendor/gems/rspec-rails-1.2.6/lib/spec/rails/extensions/action_view/base.rb:27:in `render_without_haml'
    haml (2.0.9) [v] lib/haml/helpers/action_view_mods.rb:14:in `render'
    haml (2.0.9) [v] rails/./lib/sass/plugin/rails.rb:19:in `process'

Rendered rescues/_trace (137.5ms)
Rendered rescues/_request_and_response (0.4ms)
Rendering rescues/layout (internal_server_error)


Processing LendingsController#index (for 127.0.0.1 at 2009-07-29 08:28:51) [GET]
Rendering template within layouts/application
Rendering lendings/index
Completed in 53ms (View: 15 | 200 OK [http://localhost/lendings]


Processing ApplicationController#index (for 127.0.0.1 at 2009-07-29 08:28:51) [GET]

ActionController::RoutingError (No route matches "/javascripts/app.js" with {:method=>:get}):
  

Rendering rescues/layout (not_found)


Processing ApplicationController#index (for 127.0.0.1 at 2009-07-29 08:28:51) [GET]

ActionController::RoutingError (No route matches "/javascripts/jquery_ajax_extensions.js" with {:method=>:get}):
  

Rendering rescues/layout (not_found)


Processing LendingsController#index (for 127.0.0.1 at 2009-07-29 08:29:13) [GET]
Rendering template within layouts/application
Rendering lendings/index
Completed in 43ms (View: 11 | 200 OK [http://localhost/lendings]


Processing ApplicationController#index (for 127.0.0.1 at 2009-07-29 08:29:14) [GET]

ActionController::RoutingError (No route matches "/javascripts/app.js" with {:method=>:get}):
  

Rendering rescues/layout (not_found)


Processing ApplicationController#index (for 127.0.0.1 at 2009-07-29 08:29:14) [GET]

ActionController::RoutingError (No route matches "/javascripts/jquery_ajax_extensions.js" with {:method=>:get}):
  

Rendering rescues/layout (not_found)


Processing LendingsController#index (for 127.0.0.1 at 2009-07-29 08:30:21) [GET]
Rendering template within layouts/application
Rendering lendings/index

ActionView::TemplateError (undefined method `count' for []:RelaxDB::AllDelegator) on line #2 of app/views/lendings/index.html.haml:
1: %h1 Lendings
2: %p= @lendings.count
3: = render :partial => "lending", :collection => @lendings
4: 
5: = link_to "New lending", new_lending_path

    /usr/local/lib/ruby/1.8/delegate.rb:158:in `method_missing'
    app/views/lendings/index.html.haml:2:in `_run_haml_app47views47lendings47index46html46haml'
    vendor/gems/rspec-rails-1.2.6/lib/spec/rails/extensions/action_view/base.rb:27:in `render_without_haml'
    haml (2.0.9) [v] lib/haml/helpers/action_view_mods.rb:14:in `render'
    vendor/gems/rspec-rails-1.2.6/lib/spec/rails/extensions/action_view/base.rb:27:in `render_without_haml'
    haml (2.0.9) [v] lib/haml/helpers/action_view_mods.rb:14:in `render'
    haml (2.0.9) [v] rails/./lib/sass/plugin/rails.rb:19:in `process'

Rendered rescues/_trace (65.5ms)
Rendered rescues/_request_and_response (0.3ms)
Rendering rescues/layout (internal_server_error)


Processing LendingsController#index (for 127.0.0.1 at 2009-07-29 08:30:49) [GET]
Rendering template within layouts/application
Rendering lendings/index
Completed in 131ms (View: 17 | 200 OK [http://localhost/lendings]


Processing ApplicationController#index (for 127.0.0.1 at 2009-07-29 08:30:50) [GET]

ActionController::RoutingError (No route matches "/javascripts/app.js" with {:method=>:get}):
  

Rendering rescues/layout (not_found)


Processing ApplicationController#index (for 127.0.0.1 at 2009-07-29 08:30:50) [GET]

ActionController::RoutingError (No route matches "/javascripts/jquery_ajax_extensions.js" with {:method=>:get}):
  

Rendering rescues/layout (not_found)


Processing LendingsController#new (for 127.0.0.1 at 2009-07-29 08:32:53) [GET]
Rendering template within layouts/application
Rendering lendings/new
Completed in 57ms (View: 9 | 200 OK [http://localhost/lendings/new]


Processing ApplicationController#index (for 127.0.0.1 at 2009-07-29 08:32:53) [GET]

ActionController::RoutingError (No route matches "/javascripts/app.js" with {:method=>:get}):
  

Rendering rescues/layout (not_found)


Processing ApplicationController#index (for 127.0.0.1 at 2009-07-29 08:32:53) [GET]

ActionController::RoutingError (No route matches "/javascripts/jquery_ajax_extensions.js" with {:method=>:get}):
  

Rendering rescues/layout (not_found)


Processing LendingsController#index (for 127.0.0.1 at 2009-07-29 08:36:36) [GET]
Rendering template within layouts/application
Rendering lendings/index
Rendered lendings/_lending (0.9ms)
Rendered lendings/_lending (0.1ms)
Rendered layouts/_flashes (1.6ms)
Completed in 120ms (View: 91 | 200 OK [http://localhost/lendings]


Processing ApplicationController#index (for 127.0.0.1 at 2009-07-29 08:36:36) [GET]

ActionController::RoutingError (No route matches "/javascripts/app.js" with {:method=>:get}):
  

Rendering rescues/layout (not_found)


Processing ApplicationController#index (for 127.0.0.1 at 2009-07-29 08:36:36) [GET]

ActionController::RoutingError (No route matches "/javascripts/jquery_ajax_extensions.js" with {:method=>:get}):
  

Rendering rescues/layout (not_found)


Processing LendingsController#index (for 127.0.0.1 at 2009-07-29 08:36:39) [GET]
Rendering template within layouts/application
Rendering lendings/index
Rendered lendings/_lending (0.3ms)
Rendered lendings/_lending (0.1ms)
Rendered layouts/_flashes (0.4ms)
Completed in 52ms (View: 18 | 200 OK [http://localhost/lendings]


Processing ApplicationController#index (for 127.0.0.1 at 2009-07-29 08:36:40) [GET]

ActionController::RoutingError (No route matches "/javascripts/app.js" with {:method=>:get}):
  

Rendering rescues/layout (not_found)


Processing ApplicationController#index (for 127.0.0.1 at 2009-07-29 08:36:40) [GET]

ActionController::RoutingError (No route matches "/javascripts/jquery_ajax_extensions.js" with {:method=>:get}):
  

Rendering rescues/layout (not_found)


Processing LendingsController#index (for 127.0.0.1 at 2009-07-29 08:38:03) [GET]
Rendering template within layouts/application
Rendering lendings/index
Rendered lendings/_lending (1.2ms)
Rendered lendings/_lending (0.2ms)
Rendered layouts/_flashes (0.4ms)
Completed in 53ms (View: 24 | 200 OK [http://localhost/lendings]


Processing ApplicationController#index (for 127.0.0.1 at 2009-07-29 08:38:04) [GET]

ActionController::RoutingError (No route matches "/javascripts/app.js" with {:method=>:get}):
  

Rendering rescues/layout (not_found)


Processing ApplicationController#index (for 127.0.0.1 at 2009-07-29 08:38:04) [GET]

ActionController::RoutingError (No route matches "/javascripts/jquery_ajax_extensions.js" with {:method=>:get}):
  

Rendering rescues/layout (not_found)


Processing LendingsController#index (for 127.0.0.1 at 2009-07-29 08:38:15) [GET]
Rendering template within layouts/application
Rendering lendings/index
Rendered lendings/_lending (1.5ms)
Rendered lendings/_lending (0.2ms)
Rendered layouts/_flashes (0.4ms)
Completed in 53ms (View: 21 | 200 OK [http://localhost/lendings]


Processing ApplicationController#index (for 127.0.0.1 at 2009-07-29 08:38:16) [GET]

ActionController::RoutingError (No route matches "/javascripts/app.js" with {:method=>:get}):
  

Rendering rescues/layout (not_found)


Processing ApplicationController#index (for 127.0.0.1 at 2009-07-29 08:38:16) [GET]

ActionController::RoutingError (No route matches "/javascripts/jquery_ajax_extensions.js" with {:method=>:get}):
  

Rendering rescues/layout (not_found)


Processing LendingsController#index (for 127.0.0.1 at 2009-07-29 08:38:38) [GET]
Rendering template within layouts/application
Rendering lendings/index
Rendered lendings/_lending (3.9ms)
Rendered lendings/_lending (0.5ms)
Rendered layouts/_flashes (0.4ms)
Completed in 53ms (View: 20 | 200 OK [http://localhost/lendings]


Processing ApplicationController#index (for 127.0.0.1 at 2009-07-29 08:38:38) [GET]

ActionController::RoutingError (No route matches "/javascripts/app.js" with {:method=>:get}):
  

Rendering rescues/layout (not_found)


Processing ApplicationController#index (for 127.0.0.1 at 2009-07-29 08:38:38) [GET]

ActionController::RoutingError (No route matches "/javascripts/jquery_ajax_extensions.js" with {:method=>:get}):
  

Rendering rescues/layout (not_found)


Processing LendingsController#index (for 127.0.0.1 at 2009-07-29 08:39:26) [GET]
Rendering template within layouts/application
Rendering lendings/index
Rendered lendings/_lending (3.9ms)
Rendered lendings/_lending (0.5ms)
Rendered layouts/_flashes (0.4ms)
Completed in 59ms (View: 22 | 200 OK [http://localhost/lendings]


Processing ApplicationController#index (for 127.0.0.1 at 2009-07-29 08:39:27) [GET]

ActionController::RoutingError (No route matches "/javascripts/app.js" with {:method=>:get}):
  

Rendering rescues/layout (not_found)


Processing ApplicationController#index (for 127.0.0.1 at 2009-07-29 08:39:27) [GET]

ActionController::RoutingError (No route matches "/javascripts/jquery_ajax_extensions.js" with {:method=>:get}):
  

Rendering rescues/layout (not_found)


Processing ApplicationController#new (for 127.0.0.1 at 2009-07-29 10:39:08) [GET]

NameError (uninitialized constant UsersController):
  

Rendered rescues/_trace (43.5ms)
Rendered rescues/_request_and_response (2.2ms)
Rendering rescues/layout (internal_server_error)


Processing UsersController#new (for 127.0.0.1 at 2009-07-29 10:39:38) [GET]

ActionController::UnknownAction (No action responded to new. Actions: ):
  haml (2.0.9) [v] rails/./lib/sass/plugin/rails.rb:19:in `process'

Rendering rescues/layout (not_found)


Processing UserSessionsController#new (for 127.0.0.1 at 2009-07-30 09:03:55) [GET]
Rendering template within layouts/application
Rendering user_sessions/new
Rendered layouts/_flashes (1.4ms)
Completed in 164ms (View: 48 | 200 OK [http://localhost/login]


Processing ApplicationController#index (for 127.0.0.1 at 2009-07-30 09:03:55) [GET]

ActionController::RoutingError (No route matches "/javascripts/app.js" with {:method=>:get}):
  

Rendering rescues/layout (not_found)


Processing ApplicationController#index (for 127.0.0.1 at 2009-07-30 09:03:55) [GET]

ActionController::RoutingError (No route matches "/javascripts/jquery_ajax_extensions.js" with {:method=>:get}):
  

Rendering rescues/layout (not_found)


Processing UsersController#new (for 127.0.0.1 at 2009-07-30 09:04:01) [GET]
Rendering template within layouts/application
Rendering users/new
Rendered layouts/_flashes (0.2ms)
Completed in 52ms (View: 16 | 200 OK [http://localhost/register]


Processing ApplicationController#index (for 127.0.0.1 at 2009-07-30 09:04:02) [GET]

ActionController::RoutingError (No route matches "/javascripts/app.js" with {:method=>:get}):
  

Rendering rescues/layout (not_found)


Processing ApplicationController#index (for 127.0.0.1 at 2009-07-30 09:04:02) [GET]

ActionController::RoutingError (No route matches "/javascripts/jquery_ajax_extensions.js" with {:method=>:get}):
  

Rendering rescues/layout (not_found)
